Text: I love Docker!, Sentiment: Neutral
Text: I love docker, Sentiment: Neutral
{"asctime": "2025-03-06 07:29:07,752", "levelname": "INFO", "name": "sentiment_logger", "message": "Home page accessed", "data": {}}
{"asctime": "2025-03-06 07:29:16,624", "levelname": "INFO", "name": "sentiment_logger", "message": "Sentiment Prediction Request", "data": {"input_text": "I hate this product", "input_length": 19}}
{"asctime": "2025-03-06 07:29:17,583", "levelname": "INFO", "name": "sentiment_logger", "message": "Sentiment Prediction Result", "data": {"input_text": "I hate this product", "sentiment": "Negative", "probabilities": {"positive": 0.3731217920194813, "negative": 0.6268782079805193}, "full_result": {"sentiment": "Negative", "positive_probability": 0.3731217920194813, "negative_probability": 0.6268782079805193, "neutral_threshold_applied": "False"}}}
{"asctime": "2025-03-06 08:24:26,144", "levelname": "INFO", "name": "sentiment_logger", "message": "Home page accessed", "data": {}}
{"asctime": "2025-03-06 08:24:32,379", "levelname": "INFO", "name": "sentiment_logger", "message": "Sentiment Prediction Request", "data": {"input_text": "I hate you", "input_length": 10}}
{"asctime": "2025-03-06 08:24:33,286", "levelname": "INFO", "name": "sentiment_logger", "message": "Sentiment Prediction Result", "data": {"input_text": "I hate you", "sentiment": "Negative", "probabilities": {"positive": 0.11809385319778813, "negative": 0.881906146802211}, "full_result": {"sentiment": "Negative", "positive_probability": 0.11809385319778813, "negative_probability": 0.881906146802211, "neutral_threshold_applied": "False"}}}
{"asctime": "2025-03-06 08:38:58,943", "levelname": "INFO", "name": "sentiment_logger", "message": "Home page accessed", "data": {}}
{"asctime": "2025-03-06 08:39:07,465", "levelname": "INFO", "name": "sentiment_logger", "message": "Sentiment Prediction Request", "data": {"input_text": "I hate this product", "input_length": 19}}
{"asctime": "2025-03-06 08:39:08,813", "levelname": "INFO", "name": "sentiment_logger", "message": "Sentiment Prediction Result", "data": {"input_text": "I hate this product", "sentiment": "Negative", "probabilities": {"positive": 0.3731217920194813, "negative": 0.6268782079805193}, "full_result": {"sentiment": "Negative", "positive_probability": 0.3731217920194813, "negative_probability": 0.6268782079805193, "neutral_threshold_applied": "False"}}}
{"asctime": "2025-03-06 08:40:19,083", "levelname": "INFO", "name": "sentiment_logger", "message": "Sentiment Prediction Request", "data": {"input_text": "I hate this product", "input_length": 19}}
{"asctime": "2025-03-06 08:40:20,107", "levelname": "INFO", "name": "sentiment_logger", "message": "Sentiment Prediction Result", "data": {"input_text": "I hate this product", "sentiment": "Negative", "probabilities": {"positive": 0.3731217920194813, "negative": 0.6268782079805193}, "full_result": {"sentiment": "Negative", "positive_probability": 0.3731217920194813, "negative_probability": 0.6268782079805193, "neutral_threshold_applied": "False"}}}
{"asctime": "2025-03-06 08:40:29,926", "levelname": "INFO", "name": "sentiment_logger", "message": "Sentiment Prediction Request", "data": {"input_text": "The product was awesome ", "input_length": 24}}
{"asctime": "2025-03-06 08:40:30,907", "levelname": "INFO", "name": "sentiment_logger", "message": "Sentiment Prediction Result", "data": {"input_text": "The product was awesome ", "sentiment": "Positive", "probabilities": {"positive": 0.7992171400195064, "negative": 0.20078285998049325}, "full_result": {"sentiment": "Positive", "positive_probability": 0.7992171400195064, "negative_probability": 0.20078285998049325, "neutral_threshold_applied": "False"}}}
{"asctime": "2025-03-06 09:01:17,914", "levelname": "INFO", "name": "sentiment_logger", "message": "Home page accessed", "data": {}}
{"asctime": "2025-03-06 09:01:31,121", "levelname": "INFO", "name": "sentiment_logger", "message": "Home page accessed", "data": {}}
{"asctime": "2025-03-06 09:26:54,763", "levelname": "INFO", "name": "sentiment_logger", "message": "Home page accessed", "data": {}}
{"asctime": "2025-03-06 09:27:09,423", "levelname": "INFO", "name": "sentiment_logger", "message": "Sentiment Prediction Request", "data": {"input_text": "It was a good movie", "input_length": 19}}
{"asctime": "2025-03-06 09:27:09,859", "levelname": "INFO", "name": "sentiment_logger", "message": "Sentiment Prediction Result", "data": {"input_text": "It was a good movie", "sentiment": "Positive", "probabilities": {"positive": 0.8029294621712982, "negative": 0.1970705378287026}, "full_result": {"sentiment": "Positive", "positive_probability": 0.8029294621712982, "negative_probability": 0.1970705378287026, "neutral_threshold_applied": "False"}}}
{"asctime": "2025-03-06 09:49:44,332", "levelname": "INFO", "name": "sentiment_logger", "message": "Sentiment Prediction Request", "data": {"input_text": "It was a good movie", "input_length": 19}}
{"asctime": "2025-03-06 09:49:45,619", "levelname": "INFO", "name": "sentiment_logger", "message": "Sentiment Prediction Result", "data": {"input_text": "It was a good movie", "sentiment": "Positive", "probabilities": {"positive": 0.8029294621712982, "negative": 0.1970705378287026}, "full_result": {"sentiment": "Positive", "positive_probability": 0.8029294621712982, "negative_probability": 0.1970705378287026, "neutral_threshold_applied": "False"}}}
{"asctime": "2025-03-06 09:49:51,734", "levelname": "INFO", "name": "sentiment_logger", "message": "Home page accessed", "data": {}}
{"asctime": "2025-03-06 10:01:15,463", "levelname": "INFO", "name": "sentiment_logger", "message": "Sentiment Prediction Request", "data": {"input_text": "It was a good movie", "input_length": 19}}
{"asctime": "2025-03-06 10:01:16,166", "levelname": "INFO", "name": "sentiment_logger", "message": "Sentiment Prediction Result", "data": {"input_text": "It was a good movie", "sentiment": "Positive", "probabilities": {"positive": 0.8029294621712982, "negative": 0.1970705378287026}, "full_result": {"sentiment": "Positive", "positive_probability": 0.8029294621712982, "negative_probability": 0.1970705378287026, "neutral_threshold_applied": "False"}}}
{"asctime": "2025-03-08 04:37:48,670", "levelname": "INFO", "name": "sentiment_logger", "message": "Home page accessed", "data": {}}
{"asctime": "2025-03-08 04:37:53,946", "levelname": "INFO", "name": "sentiment_logger", "message": "Sentiment Prediction Request", "data": {"input_text": "I love you", "input_length": 10}}
{"asctime": "2025-03-08 04:37:54,996", "levelname": "INFO", "name": "sentiment_logger", "message": "Sentiment Prediction Result", "data": {"input_text": "I love you", "sentiment": "Positive", "probabilities": {"positive": 0.768453335933533, "negative": 0.23154666406646732}, "full_result": {"sentiment": "Positive", "positive_probability": 0.768453335933533, "negative_probability": 0.23154666406646732, "neutral_threshold_applied": "False"}}}
{"asctime": "2025-03-08 05:32:50,629", "levelname": "INFO", "name": "sentiment_logger", "message": "Home page accessed", "data": {}}
{"asctime": "2025-03-08 05:32:57,089", "levelname": "INFO", "name": "sentiment_logger", "message": "Home page accessed", "data": {}}
{"asctime": "2025-03-08 05:33:10,677", "levelname": "INFO", "name": "sentiment_logger", "message": "Sentiment Prediction Request", "data": {"input_text": "The product was awesome", "input_length": 23}}
{"asctime": "2025-03-08 05:33:11,450", "levelname": "INFO", "name": "sentiment_logger", "message": "Sentiment Prediction Result", "data": {"input_text": "The product was awesome", "sentiment": "Positive", "probabilities": {"positive": 0.7992171400195064, "negative": 0.20078285998049325}, "full_result": {"sentiment": "Positive", "positive_probability": 0.7992171400195064, "negative_probability": 0.20078285998049325, "neutral_threshold_applied": "False"}}}
{"asctime": "2025-03-08 07:57:18,258", "levelname": "INFO", "name": "sentiment_logger", "message": "Home page accessed", "data": {}}
{"asctime": "2025-03-08 07:57:28,331", "levelname": "INFO", "name": "sentiment_logger", "message": "Sentiment Prediction Request", "data": {"input_text": "It was a good movie", "input_length": 19}}
{"asctime": "2025-03-08 07:57:28,532", "levelname": "INFO", "name": "sentiment_logger", "message": "Sentiment Prediction Result", "data": {"input_text": "It was a good movie", "sentiment": "Positive", "probabilities": {"positive": 0.8029294621712982, "negative": 0.1970705378287026}, "full_result": {"sentiment": "Positive", "positive_probability": 0.8029294621712982, "negative_probability": 0.1970705378287026, "neutral_threshold_applied": "False"}}}
